2026-03-05 04:20:28,309 - __main__ - INFO - Loaded environment from /root/.openclaw/secrets/cyber_dynasty_tokens.env
2026-03-05 04:20:28,310 - __main__ - INFO - All required environment variables found
2026-03-05 04:20:28,310 - ai_toolbox.multi_bot.message_bus - INFO - Registered bot: chengxiang
2026-03-05 04:20:28,310 - __main__ - INFO - Created and registered bot: chengxiang
2026-03-05 04:20:28,310 - ai_toolbox.multi_bot.message_bus - INFO - Registered bot: taiwei
2026-03-05 04:20:28,310 - __main__ - INFO - Created and registered bot: taiwei
2026-03-05 04:20:28,310 - discord.client - WARNING - PyNaCl is not installed, voice will NOT be supported
2026-03-05 04:20:28,311 - discord.client - WARNING - davey is not installed, voice will NOT be supported
2026-03-05 04:20:28,311 - __main__ - INFO - Starting Cyber Dynasty Multi-Bot System...
2026-03-05 04:20:28,311 - ai_toolbox.multi_bot.hub_listener - INFO - Starting Hub Listener...
2026-03-05 04:20:28,311 - discord.client - INFO - logging in using static token
2026-03-05 04:20:29,083 - discord.gateway - INFO - Shard ID None has connected to Gateway (Session ID: 8e632bfa5ffb9fba4d08cb4da25e5670).
2026-03-05 04:20:31,087 - ai_toolbox.multi_bot.hub_listener - INFO - Hub Bot logged in as 赛博王朝Hub#5263
2026-03-05 04:20:31,087 - ai_toolbox.multi_bot.hub_listener - INFO - Monitoring 1 guild(s)
2026-03-05 04:20:31,087 - ai_toolbox.multi_bot.hub_listener - INFO -   - 赛博王朝 (1477272575406112832)
2026-03-05 04:20:31,087 - ai_toolbox.multi_bot.hub_listener - INFO -     Channels: 兵部, 内阁, 金銮殿
2026-03-05 04:22:05,361 - ai_toolbox.multi_bot.hub_listener - INFO - 📨 Received message from unlimblue in #金銮殿: <@&1477314769764614239> <@1478216774171365466> 在内阁...
2026-03-05 04:22:05,361 - ai_toolbox.multi_bot.message_bus - INFO - 📤 Publishing message from unlimblue to bus
2026-03-05 04:22:05,362 - ai_toolbox.multi_bot.message_bus - INFO - 🎯 Created cross-channel task: 5b9f26e4-3630-4027-a4bd-ea440e4189ca
2026-03-05 04:22:05,362 - ai_toolbox.multi_bot.message_bus - INFO - 📋 Notifying bot taiwei of task
2026-03-05 04:22:05,362 - ai_toolbox.multi_bot.role_bot - INFO - 🤖 Bot taiwei handling task: 5b9f26e4-3630-4027-a4bd-ea440e4189ca
2026-03-05 04:22:05,362 - ai_toolbox.multi_bot.role_bot - INFO - 🔌 Bot taiwei connecting to Discord...
2026-03-05 04:22:05,362 - discord.client - INFO - logging in using static token
2026-03-05 04:22:05,849 - ai_toolbox.multi_bot.role_bot - INFO - Bot taiwei connected to Discord
2026-03-05 04:22:05,849 - ai_toolbox.multi_bot.role_bot - INFO - 📤 Bot taiwei sending confirmation to source channel 1478759781425745940
2026-03-05 04:22:05,849 - ai_toolbox.multi_bot.role_bot - ERROR - ❌ Bot taiwei: Channel not found: 1478759781425745940
2026-03-05 04:22:05,849 - ai_toolbox.multi_bot.role_bot - INFO - 📤 Bot taiwei sending start message to target channel 1477312823817277681
2026-03-05 04:22:05,849 - ai_toolbox.multi_bot.role_bot - ERROR - ❌ Bot taiwei: Channel not found: 1477312823817277681
2026-03-05 04:22:08,415 - asyncio - ERROR - Unclosed client session
client_session: <aiohttp.client.ClientSession object at 0x7c3808226540>
2026-03-05 04:22:08,416 - asyncio - ERROR - Unclosed connector
connections: ['deque([(<aiohttp.client_proto.ResponseHandler object at 0x7c3808215670>, 428778.115593581)])']
connector: <aiohttp.connector.TCPConnector object at 0x7c38082262d0>
2026-03-05 04:22:08,416 - ai_toolbox.multi_bot.role_bot - ERROR - ❌ Bot taiwei: Channel not found: 1478759781425745940
2026-03-05 04:25:42,429 - ai_toolbox.multi_bot.hub_listener - INFO - 📨 Received message from unlimblue in #内阁: <@1477299597637582878> 我再金銮殿at 丞相和太尉，令其在内阁中相互问候，并汇...
2026-03-05 04:25:42,429 - ai_toolbox.multi_bot.message_bus - INFO - 📤 Publishing message from unlimblue to bus
2026-03-05 04:30:15,127 - ai_toolbox.multi_bot.hub_listener - INFO - 📨 Received message from unlimblue in #内阁: <@1477299597637582878> 
1. 采用方案B
2. 调试消息内容还需要包括：消息...
2026-03-05 04:30:15,127 - ai_toolbox.multi_bot.message_bus - INFO - 📤 Publishing message from unlimblue to bus
2026-03-05 04:34:24,590 - ai_toolbox.multi_bot.hub_listener - INFO - 📨 Received message from unlimblue in #内阁: <@1477299597637582878> 开始实现...
2026-03-05 04:34:24,590 - ai_toolbox.multi_bot.message_bus - INFO - 📤 Publishing message from unlimblue to bus
