2026-03-05 04:50:50,993 - __main__ - INFO - Loaded environment from /root/.openclaw/secrets/cyber_dynasty_tokens.env
2026-03-05 04:50:50,993 - __main__ - INFO - All required environment variables found
2026-03-05 04:50:50,993 - ai_toolbox.multi_bot.message_bus - INFO - Registered bot: chengxiang
2026-03-05 04:50:50,994 - __main__ - INFO - Created and registered bot: chengxiang
2026-03-05 04:50:50,994 - ai_toolbox.multi_bot.message_bus - INFO - Registered bot: taiwei
2026-03-05 04:50:50,994 - __main__ - INFO - Created and registered bot: taiwei
2026-03-05 04:50:50,994 - discord.client - WARNING - PyNaCl is not installed, voice will NOT be supported
2026-03-05 04:50:50,994 - discord.client - WARNING - davey is not installed, voice will NOT be supported
2026-03-05 04:50:50,994 - __main__ - INFO - Starting Cyber Dynasty Multi-Bot System...
2026-03-05 04:50:50,994 - ai_toolbox.multi_bot.hub_listener - INFO - Starting Hub Listener...
2026-03-05 04:50:50,994 - discord.client - INFO - logging in using static token
2026-03-05 04:50:51,795 - discord.gateway - INFO - Shard ID None has connected to Gateway (Session ID: 8270df28e8bc26318a0bca90caf5d6f2).
2026-03-05 04:50:53,800 - ai_toolbox.multi_bot.hub_listener - INFO - Hub Bot logged in as 赛博王朝Hub#5263
2026-03-05 04:50:53,800 - ai_toolbox.multi_bot.hub_listener - INFO - Monitoring 1 guild(s)
2026-03-05 04:50:54,022 - ai_toolbox.multi_bot.hub_listener - INFO -   - 赛博王朝 (1477272575406112832)
2026-03-05 04:50:54,022 - ai_toolbox.multi_bot.hub_listener - INFO -     Channels: 兵部, 内阁, 金銮殿
2026-03-05 04:52:16,686 - ai_toolbox.multi_bot.hub_listener - INFO - 📨 Received message from unlimblue in #金銮殿: <@&1477314769764614239> <@&1478217215936430092> 在内...
2026-03-05 04:52:16,686 - ai_toolbox.multi_bot.message_bus - INFO - 📤 Publishing message from unlimblue to bus
2026-03-05 04:54:08,824 - ai_toolbox.multi_bot.hub_listener - INFO - 📨 Received message from unlimblue in #内阁: <@1477299597637582878> 我在金銮殿at 丞相和太尉，令其在内阁中相互问候，并汇...
2026-03-05 04:54:08,824 - ai_toolbox.multi_bot.message_bus - INFO - 📤 Publishing message from unlimblue to bus
2026-03-05 04:56:48,938 - ai_toolbox.multi_bot.hub_listener - INFO - 📨 Received message from unlimblue in #内阁: <@1477299597637582878>...
2026-03-05 04:56:48,938 - ai_toolbox.multi_bot.message_bus - INFO - 📤 Publishing message from unlimblue to bus
2026-03-05 04:58:57,889 - ai_toolbox.multi_bot.hub_listener - INFO - 📨 Received message from unlimblue in #内阁: <@1477299597637582878> 
1. 需要支持并且仅支持，bot用户at
2. 启动...
2026-03-05 04:58:57,889 - ai_toolbox.multi_bot.message_bus - INFO - 📤 Publishing message from unlimblue to bus
2026-03-05 05:04:52,009 - ai_toolbox.multi_bot.hub_listener - INFO - 📨 Received message from unlimblue in #内阁: <@1477299597637582878> 开始实施...
2026-03-05 05:04:52,009 - ai_toolbox.multi_bot.message_bus - INFO - 📤 Publishing message from unlimblue to bus
2026-03-05 05:09:42,745 - ai_toolbox.multi_bot.hub_listener - INFO - 📨 Received message from unlimblue in #内阁: <@1477299597637582878> 目前docs有些混乱，规范化的整理一下，以备日后查阅。...
2026-03-05 05:09:42,745 - ai_toolbox.multi_bot.message_bus - INFO - 📤 Publishing message from unlimblue to bus
