2026-03-05 08:29:29,160 - __main__ - INFO - Loaded environment from /root/.openclaw/secrets/cyber_dynasty_tokens.env
2026-03-05 08:29:29,168 - __main__ - INFO - Loaded configuration from config/multi_bot.yaml
2026-03-05 08:29:29,168 - __main__ - INFO - Organization: 赛博王朝
2026-03-05 08:29:29,168 - __main__ - INFO - All required environment variables found
2026-03-05 08:29:29,168 - __main__ - ERROR - Failed to create bot chengxiang: cannot import name 'build_system_architecture_info' from 'ai_toolbox.multi_bot.architecture_builder' (/root/.openclaw/workspace/ai-toolbox/src/ai_toolbox/multi_bot/architecture_builder.py)
2026-03-05 08:29:29,168 - __main__ - ERROR - Failed to create bot taiwei: cannot import name 'build_system_architecture_info' from 'ai_toolbox.multi_bot.architecture_builder' (/root/.openclaw/workspace/ai-toolbox/src/ai_toolbox/multi_bot/architecture_builder.py)
2026-03-05 08:29:29,168 - discord.client - WARNING - PyNaCl is not installed, voice will NOT be supported
2026-03-05 08:29:29,168 - discord.client - WARNING - davey is not installed, voice will NOT be supported
2026-03-05 08:29:29,168 - __main__ - INFO - Debug mode enabled
2026-03-05 08:29:29,168 - __main__ - INFO - Connecting all bots...
2026-03-05 08:29:29,168 - __main__ - INFO - Waiting for bots to connect...
2026-03-05 08:29:32,172 - __main__ - INFO - Connected bots: 0/0
2026-03-05 08:29:32,172 - __main__ - INFO - Starting 赛博王朝 System...
2026-03-05 08:29:32,172 - ai_toolbox.multi_bot.hub_listener - INFO - Starting Hub Listener...
2026-03-05 08:29:32,172 - discord.client - INFO - logging in using static token
2026-03-05 08:29:33,181 - discord.gateway - INFO - Shard ID None has connected to Gateway (Session ID: 3a3c0647b06bc6b5dcd668eb88971581).
2026-03-05 08:29:35,184 - ai_toolbox.multi_bot.hub_listener - INFO - Hub Bot logged in as 赛博王朝Hub#5263
2026-03-05 08:29:35,184 - ai_toolbox.multi_bot.hub_listener - INFO - Monitoring 1 guild(s)
2026-03-05 08:29:35,509 - ai_toolbox.multi_bot.hub_listener - INFO -   - 赛博王朝 (1477272575406112832)
2026-03-05 08:29:35,509 - ai_toolbox.multi_bot.hub_listener - INFO -     Channels: 兵部, 内阁, 金銮殿
